<?xml version="1.0" encoding="UTF-8"?>
<coverage generated="1645177392236" clover="3.2.0">
  <project timestamp="1645177392236" name="All files">
    <metrics statements="35" coveredstatements="34" conditionals="1" coveredconditionals="1" methods="13" coveredmethods="12" elements="49" coveredelements="47" complexity="0" loc="35" ncloc="35" packages="3" files="6" classes="6"/>
    <package name="domain">
      <metrics statements="7" coveredstatements="7" conditionals="0" coveredconditionals="0" methods="1" coveredmethods="1"/>
      <file name="Blog.ts" path="D:\Projects\blog\backend\src\domain\Blog.ts">
        <metrics statements="7" coveredstatements="7" conditionals="0" coveredconditionals="0" methods="1" coveredmethods="1"/>
        <line num="1" count="1" type="stmt"/>
        <line num="3" count="3" type="stmt"/>
        <line num="4" count="3" type="stmt"/>
        <line num="5" count="3" type="stmt"/>
        <line num="6" count="3" type="stmt"/>
        <line num="7" count="3" type="stmt"/>
        <line num="8" count="3" type="stmt"/>
      </file>
    </package>
    <package name="infrastructure">
      <metrics statements="17" coveredstatements="16" conditionals="1" coveredconditionals="1" methods="6" coveredmethods="5"/>
      <file name="FakeBlogData.ts" path="D:\Projects\blog\backend\src\infrastructure\FakeBlogData.ts">
        <metrics statements="3" coveredstatements="3" conditionals="0" coveredconditionals="0" methods="0" coveredmethods="0"/>
        <line num="1" count="1" type="stmt"/>
        <line num="3" count="1" type="stmt"/>
        <line num="8" count="1" type="stmt"/>
      </file>
      <file name="FakeBlogReadOnlyRepository.ts" path="D:\Projects\blog\backend\src\infrastructure\FakeBlogReadOnlyRepository.ts">
        <metrics statements="8" coveredstatements="7" conditionals="1" coveredconditionals="1" methods="4" coveredmethods="3"/>
        <line num="4" count="1" type="stmt"/>
        <line num="7" count="1" type="stmt"/>
        <line num="11" count="0" type="stmt"/>
        <line num="15" count="1" type="stmt"/>
        <line num="16" count="1" type="stmt"/>
        <line num="18" count="1" type="cond" truecount="1" falsecount="0"/>
        <line num="19" count="1" type="stmt"/>
        <line num="21" count="1" type="stmt"/>
      </file>
      <file name="FakeBlogWriteOnlyRepository.ts" path="D:\Projects\blog\backend\src\infrastructure\FakeBlogWriteOnlyRepository.ts">
        <metrics statements="6" coveredstatements="6" conditionals="0" coveredconditionals="0" methods="2" coveredmethods="2"/>
        <line num="2" count="1" type="stmt"/>
        <line num="4" count="1" type="stmt"/>
        <line num="6" count="1" type="stmt"/>
        <line num="8" count="1" type="stmt"/>
        <line num="9" count="1" type="stmt"/>
        <line num="18" count="1" type="stmt"/>
      </file>
    </package>
    <package name="usecase.Blogs">
      <metrics statements="11" coveredstatements="11" conditionals="0" coveredconditionals="0" methods="6" coveredmethods="6"/>
      <file name="CreateBlogUseCase.ts" path="D:\Projects\blog\backend\src\usecase\Blogs\CreateBlogUseCase.ts">
        <metrics statements="6" coveredstatements="6" conditionals="0" coveredconditionals="0" methods="4" coveredmethods="4"/>
        <line num="5" count="1" type="stmt"/>
        <line num="9" count="2" type="stmt"/>
        <line num="13" count="2" type="stmt"/>
        <line num="14" count="2" type="stmt"/>
        <line num="15" count="2" type="stmt"/>
        <line num="17" count="1" type="stmt"/>
      </file>
      <file name="RetrieveBlogUseCase.ts" path="D:\Projects\blog\backend\src\usecase\Blogs\RetrieveBlogUseCase.ts">
        <metrics statements="5" coveredstatements="5" conditionals="0" coveredconditionals="0" methods="2" coveredmethods="2"/>
        <line num="5" count="1" type="stmt"/>
        <line num="10" count="2" type="stmt"/>
        <line num="14" count="2" type="stmt"/>
        <line num="16" count="1" type="stmt"/>
        <line num="18" count="1" type="stmt"/>
      </file>
    </package>
  </project>
</coverage>
