{"D:\\Projects\\blog\\backend\\src\\domain\\Blog.ts": {"path":"D:\\Projects\\blog\\backend\\src\\domain\\Blog.ts","statementMap":{"0":{"start":{"line":3,"column":9},"end":{"line":3,"column":19}},"1":{"start":{"line":4,"column":9},"end":{"line":4,"column":22}},"2":{"start":{"line":5,"column":9},"end":{"line":5,"column":21}},"3":{"start":{"line":6,"column":9},"end":{"line":6,"column":23}},"4":{"start":{"line":7,"column":9},"end":{"line":7,"column":21}},"5":{"start":{"line":8,"column":9},"end":{"line":8,"column":28}},"6":{"start":{"line":1,"column":0},"end":{"line":1,"column":21}}},"fnMap":{"0":{"name":"(anonymous_0)","decl":{"start":{"line":2,"column":1},"end":{"line":2,"column":null}},"loc":{"start":{"line":8,"column":28},"end":{"line":10,"column":2}}}},"branchMap":{},"s":{"0":3,"1":3,"2":3,"3":3,"4":3,"5":3,"6":1},"f":{"0":3},"b":{}}
,"D:\\Projects\\blog\\backend\\src\\infrastructure\\FakeBlogData.ts": {"path":"D:\\Projects\\blog\\backend\\src\\infrastructure\\FakeBlogData.ts","statementMap":{"0":{"start":{"line":1,"column":0},"end":{"line":1,"column":33}},"1":{"start":{"line":3,"column":20},"end":{"line":6,"column":null}},"2":{"start":{"line":8,"column":0},"end":{"line":8,"column":21}}},"fnMap":{},"branchMap":{},"s":{"0":1,"1":1,"2":1},"f":{},"b":{}}
,"D:\\Projects\\blog\\backend\\src\\infrastructure\\FakeBlogReadOnlyRepository.ts": {"path":"D:\\Projects\\blog\\backend\\src\\infrastructure\\FakeBlogReadOnlyRepository.ts","statementMap":{"0":{"start":{"line":4,"column":0},"end":{"line":4,"column":35}},"1":{"start":{"line":11,"column":2},"end":{"line":11,"column":15}},"2":{"start":{"line":15,"column":2},"end":{"line":22,"column":null}},"3":{"start":{"line":16,"column":19},"end":{"line":16,"column":68}},"4":{"start":{"line":16,"column":43},"end":{"line":16,"column":66}},"5":{"start":{"line":18,"column":3},"end":{"line":19,"column":23}},"6":{"start":{"line":19,"column":4},"end":{"line":19,"column":23}},"7":{"start":{"line":21,"column":3},"end":{"line":21,"column":33}},"8":{"start":{"line":7,"column":0},"end":{"line":7,"column":21}}},"fnMap":{"0":{"name":"(anonymous_8)","decl":{"start":{"line":8,"column":14},"end":{"line":8,"column":22}},"loc":{"start":{"line":8,"column":22},"end":{"line":12,"column":null}}},"1":{"name":"(anonymous_10)","decl":{"start":{"line":14,"column":14},"end":{"line":14,"column":19}},"loc":{"start":{"line":14,"column":34},"end":{"line":23,"column":null}}},"2":{"name":"(anonymous_12)","decl":{"start":{"line":15,"column":21},"end":{"line":15,"column":22}},"loc":{"start":{"line":15,"column":41},"end":{"line":22,"column":3}}},"3":{"name":"(anonymous_13)","decl":{"start":{"line":16,"column":30},"end":{"line":16,"column":38}},"loc":{"start":{"line":16,"column":43},"end":{"line":16,"column":66}}}},"branchMap":{"0":{"loc":{"start":{"line":18,"column":3},"end":{"line":19,"column":23}},"type":"if","locations":[{"start":{"line":18,"column":3},"end":{"line":19,"column":23}}]}},"s":{"0":1,"1":0,"2":1,"3":1,"4":1,"5":1,"6":1,"7":1,"8":1},"f":{"0":0,"1":1,"2":1,"3":1},"b":{"0":[1]}}
,"D:\\Projects\\blog\\backend\\src\\infrastructure\\FakeBlogWriteOnlyRepository.ts": {"path":"D:\\Projects\\blog\\backend\\src\\infrastructure\\FakeBlogWriteOnlyRepository.ts","statementMap":{"0":{"start":{"line":2,"column":0},"end":{"line":2,"column":34}},"1":{"start":{"line":4,"column":0},"end":{"line":4,"column":35}},"2":{"start":{"line":8,"column":2},"end":{"line":19,"column":null}},"3":{"start":{"line":9,"column":3},"end":{"line":16,"column":null}},"4":{"start":{"line":18,"column":3},"end":{"line":18,"column":null}},"5":{"start":{"line":6,"column":0},"end":{"line":6,"column":21}}},"fnMap":{"0":{"name":"(anonymous_1)","decl":{"start":{"line":7,"column":1},"end":{"line":7,"column":7}},"loc":{"start":{"line":7,"column":22},"end":{"line":20,"column":2}}},"1":{"name":"(anonymous_2)","decl":{"start":{"line":8,"column":21},"end":{"line":8,"column":22}},"loc":{"start":{"line":8,"column":41},"end":{"line":19,"column":3}}}},"branchMap":{},"s":{"0":1,"1":1,"2":1,"3":1,"4":1,"5":1},"f":{"0":1,"1":1},"b":{}}
,"D:\\Projects\\blog\\backend\\src\\usecase\\Blogs\\CreateBlogUseCase.ts": {"path":"D:\\Projects\\blog\\backend\\src\\usecase\\Blogs\\CreateBlogUseCase.ts","statementMap":{"0":{"start":{"line":9,"column":2},"end":{"line":9,"column":58}},"1":{"start":{"line":13,"column":2},"end":{"line":19,"column":5}},"2":{"start":{"line":13,"column":47},"end":{"line":19,"column":4}},"3":{"start":{"line":14,"column":3},"end":{"line":18,"column":null}},"4":{"start":{"line":15,"column":4},"end":{"line":15,"column":64}},"5":{"start":{"line":17,"column":4},"end":{"line":17,"column":33}},"6":{"start":{"line":5,"column":0},"end":{"line":5,"column":21}}},"fnMap":{"0":{"name":"(anonymous_7)","decl":{"start":{"line":8,"column":1},"end":{"line":8,"column":13}},"loc":{"start":{"line":8,"column":63},"end":{"line":10,"column":2}}},"1":{"name":"(anonymous_8)","decl":{"start":{"line":12,"column":1},"end":{"line":12,"column":7}},"loc":{"start":{"line":12,"column":25},"end":{"line":20,"column":2}}},"2":{"name":"(anonymous_9)","decl":{"start":{"line":13,"column":21},"end":{"line":13,"column":28}},"loc":{"start":{"line":13,"column":47},"end":{"line":19,"column":4}}},"3":{"name":"(anonymous_10)","decl":{"start":{"line":13,"column":47},"end":{"line":13,"column":null}},"loc":{"start":{"line":13,"column":47},"end":{"line":19,"column":3}}}},"branchMap":{},"s":{"0":2,"1":2,"2":2,"3":2,"4":2,"5":1,"6":1},"f":{"0":2,"1":2,"2":2,"3":2},"b":{}}
,"D:\\Projects\\blog\\backend\\src\\usecase\\Blogs\\RetrieveBlogUseCase.ts": {"path":"D:\\Projects\\blog\\backend\\src\\usecase\\Blogs\\RetrieveBlogUseCase.ts","statementMap":{"0":{"start":{"line":10,"column":2},"end":{"line":10,"column":56}},"1":{"start":{"line":14,"column":13},"end":{"line":14,"column":61}},"2":{"start":{"line":16,"column":20},"end":{"line":16,"column":24}},"3":{"start":{"line":18,"column":2},"end":{"line":18,"column":19}},"4":{"start":{"line":5,"column":0},"end":{"line":5,"column":21}}},"fnMap":{"0":{"name":"(anonymous_7)","decl":{"start":{"line":9,"column":1},"end":{"line":9,"column":13}},"loc":{"start":{"line":9,"column":61},"end":{"line":11,"column":2}}},"1":{"name":"(anonymous_8)","decl":{"start":{"line":13,"column":14},"end":{"line":13,"column":20}},"loc":{"start":{"line":13,"column":38},"end":{"line":19,"column":null}}}},"branchMap":{},"s":{"0":2,"1":2,"2":1,"3":1,"4":1},"f":{"0":2,"1":2},"b":{}}
}
