{"D:\\Projects\\blog\\backend\\src\\domain\\Blog.ts": {"path":"D:\\Projects\\blog\\backend\\src\\domain\\Blog.ts","statementMap":{"0":{"start":{"line":3,"column":9},"end":{"line":3,"column":19}},"1":{"start":{"line":4,"column":9},"end":{"line":4,"column":22}},"2":{"start":{"line":5,"column":9},"end":{"line":5,"column":21}},"3":{"start":{"line":6,"column":9},"end":{"line":6,"column":23}},"4":{"start":{"line":7,"column":9},"end":{"line":7,"column":21}},"5":{"start":{"line":8,"column":9},"end":{"line":8,"column":28}},"6":{"start":{"line":1,"column":0},"end":{"line":1,"column":21}}},"fnMap":{"0":{"name":"(anonymous_0)","decl":{"start":{"line":2,"column":1},"end":{"line":2,"column":null}},"loc":{"start":{"line":8,"column":28},"end":{"line":10,"column":2}}}},"branchMap":{},"s":{"0":3,"1":3,"2":3,"3":3,"4":3,"5":3,"6":1},"f":{"0":3},"b":{}}
,"D:\\Projects\\blog\\backend\\src\\domain\\User.ts": {"path":"D:\\Projects\\blog\\backend\\src\\domain\\User.ts","statementMap":{"0":{"start":{"line":3,"column":9},"end":{"line":3,"column":19}},"1":{"start":{"line":4,"column":9},"end":{"line":4,"column":25}},"2":{"start":{"line":5,"column":9},"end":{"line":5,"column":25}},"3":{"start":{"line":6,"column":9},"end":{"line":6,"column":21}},"4":{"start":{"line":7,"column":9},"end":{"line":7,"column":22}},"5":{"start":{"line":1,"column":0},"end":{"line":1,"column":21}}},"fnMap":{"0":{"name":"(anonymous_0)","decl":{"start":{"line":2,"column":1},"end":{"line":2,"column":null}},"loc":{"start":{"line":7,"column":22},"end":{"line":8,"column":2}}}},"branchMap":{},"s":{"0":2,"1":2,"2":2,"3":2,"4":2,"5":1},"f":{"0":2},"b":{}}
,"D:\\Projects\\blog\\backend\\src\\infrastructure\\FakeBlogData.ts": {"path":"D:\\Projects\\blog\\backend\\src\\infrastructure\\FakeBlogData.ts","statementMap":{"0":{"start":{"line":1,"column":0},"end":{"line":1,"column":33}},"1":{"start":{"line":3,"column":20},"end":{"line":6,"column":null}},"2":{"start":{"line":8,"column":0},"end":{"line":8,"column":21}}},"fnMap":{},"branchMap":{},"s":{"0":1,"1":1,"2":1},"f":{},"b":{}}
,"D:\\Projects\\blog\\backend\\src\\infrastructure\\FakeBlogReadOnlyRepository.ts": {"path":"D:\\Projects\\blog\\backend\\src\\infrastructure\\FakeBlogReadOnlyRepository.ts","statementMap":{"0":{"start":{"line":4,"column":0},"end":{"line":4,"column":35}},"1":{"start":{"line":11,"column":2},"end":{"line":11,"column":15}},"2":{"start":{"line":15,"column":2},"end":{"line":22,"column":null}},"3":{"start":{"line":16,"column":19},"end":{"line":16,"column":68}},"4":{"start":{"line":16,"column":43},"end":{"line":16,"column":66}},"5":{"start":{"line":18,"column":3},"end":{"line":19,"column":23}},"6":{"start":{"line":19,"column":4},"end":{"line":19,"column":23}},"7":{"start":{"line":21,"column":3},"end":{"line":21,"column":33}},"8":{"start":{"line":7,"column":0},"end":{"line":7,"column":21}}},"fnMap":{"0":{"name":"(anonymous_8)","decl":{"start":{"line":8,"column":14},"end":{"line":8,"column":22}},"loc":{"start":{"line":8,"column":22},"end":{"line":12,"column":null}}},"1":{"name":"(anonymous_10)","decl":{"start":{"line":14,"column":14},"end":{"line":14,"column":19}},"loc":{"start":{"line":14,"column":34},"end":{"line":23,"column":null}}},"2":{"name":"(anonymous_12)","decl":{"start":{"line":15,"column":21},"end":{"line":15,"column":22}},"loc":{"start":{"line":15,"column":41},"end":{"line":22,"column":3}}},"3":{"name":"(anonymous_13)","decl":{"start":{"line":16,"column":30},"end":{"line":16,"column":38}},"loc":{"start":{"line":16,"column":43},"end":{"line":16,"column":66}}}},"branchMap":{"0":{"loc":{"start":{"line":18,"column":3},"end":{"line":19,"column":23}},"type":"if","locations":[{"start":{"line":18,"column":3},"end":{"line":19,"column":23}}]}},"s":{"0":1,"1":0,"2":1,"3":1,"4":1,"5":1,"6":1,"7":1,"8":1},"f":{"0":0,"1":1,"2":1,"3":1},"b":{"0":[1]}}
,"D:\\Projects\\blog\\backend\\src\\infrastructure\\FakeBlogWriteOnlyRepository.ts": {"path":"D:\\Projects\\blog\\backend\\src\\infrastructure\\FakeBlogWriteOnlyRepository.ts","statementMap":{"0":{"start":{"line":2,"column":0},"end":{"line":2,"column":34}},"1":{"start":{"line":4,"column":0},"end":{"line":4,"column":35}},"2":{"start":{"line":8,"column":2},"end":{"line":19,"column":null}},"3":{"start":{"line":9,"column":3},"end":{"line":16,"column":null}},"4":{"start":{"line":18,"column":3},"end":{"line":18,"column":null}},"5":{"start":{"line":6,"column":0},"end":{"line":6,"column":21}}},"fnMap":{"0":{"name":"(anonymous_1)","decl":{"start":{"line":7,"column":1},"end":{"line":7,"column":7}},"loc":{"start":{"line":7,"column":22},"end":{"line":20,"column":2}}},"1":{"name":"(anonymous_2)","decl":{"start":{"line":8,"column":21},"end":{"line":8,"column":22}},"loc":{"start":{"line":8,"column":41},"end":{"line":19,"column":3}}}},"branchMap":{},"s":{"0":1,"1":1,"2":1,"3":1,"4":1,"5":1},"f":{"0":1,"1":1},"b":{}}
,"D:\\Projects\\blog\\backend\\src\\infrastructure\\FakeUserData.ts": {"path":"D:\\Projects\\blog\\backend\\src\\infrastructure\\FakeUserData.ts","statementMap":{"0":{"start":{"line":1,"column":0},"end":{"line":1,"column":34}},"1":{"start":{"line":2,"column":0},"end":{"line":2,"column":30}},"2":{"start":{"line":4,"column":20},"end":{"line":7,"column":null}},"3":{"start":{"line":9,"column":0},"end":{"line":9,"column":21}}},"fnMap":{},"branchMap":{},"s":{"0":1,"1":1,"2":1,"3":1},"f":{},"b":{}}
,"D:\\Projects\\blog\\backend\\src\\infrastructure\\FakeUserReadOnlyRepository.ts": {"path":"D:\\Projects\\blog\\backend\\src\\infrastructure\\FakeUserReadOnlyRepository.ts","statementMap":{"0":{"start":{"line":3,"column":0},"end":{"line":3,"column":35}},"1":{"start":{"line":11,"column":2},"end":{"line":11,"column":45}},"2":{"start":{"line":14,"column":2},"end":{"line":31,"column":null}},"3":{"start":{"line":14,"column":47},"end":{"line":31,"column":4}},"4":{"start":{"line":15,"column":19},"end":{"line":15,"column":66}},"5":{"start":{"line":15,"column":35},"end":{"line":15,"column":65}},"6":{"start":{"line":17,"column":3},"end":{"line":29,"column":null}},"7":{"start":{"line":18,"column":4},"end":{"line":18,"column":34}},"8":{"start":{"line":20,"column":31},"end":{"line":26,"column":null}},"9":{"start":{"line":28,"column":4},"end":{"line":28,"column":23}},"10":{"start":{"line":5,"column":0},"end":{"line":5,"column":21}}},"fnMap":{"0":{"name":"(anonymous_8)","decl":{"start":{"line":7,"column":1},"end":{"line":7,"column":null}},"loc":{"start":{"line":7,"column":1},"end":{"line":8,"column":2}}},"1":{"name":"(anonymous_9)","decl":{"start":{"line":10,"column":1},"end":{"line":10,"column":9}},"loc":{"start":{"line":10,"column":9},"end":{"line":12,"column":2}}},"2":{"name":"(anonymous_10)","decl":{"start":{"line":13,"column":1},"end":{"line":13,"column":6}},"loc":{"start":{"line":13,"column":24},"end":{"line":32,"column":2}}},"3":{"name":"(anonymous_11)","decl":{"start":{"line":14,"column":21},"end":{"line":14,"column":28}},"loc":{"start":{"line":14,"column":47},"end":{"line":31,"column":4}}},"4":{"name":"(anonymous_12)","decl":{"start":{"line":14,"column":47},"end":{"line":14,"column":null}},"loc":{"start":{"line":14,"column":47},"end":{"line":31,"column":3}}},"5":{"name":"(anonymous_13)","decl":{"start":{"line":15,"column":30},"end":{"line":15,"column":31}},"loc":{"start":{"line":15,"column":35},"end":{"line":15,"column":65}}}},"branchMap":{"0":{"loc":{"start":{"line":17,"column":3},"end":{"line":29,"column":null}},"type":"if","locations":[{"start":{"line":17,"column":3},"end":{"line":29,"column":null}},{"start":{"line":19,"column":9},"end":{"line":29,"column":null}}]}},"s":{"0":1,"1":0,"2":3,"3":3,"4":3,"5":4,"6":3,"7":1,"8":2,"9":2,"10":1},"f":{"0":1,"1":0,"2":3,"3":3,"4":3,"5":4},"b":{"0":[1,2]}}
,"D:\\Projects\\blog\\backend\\src\\infrastructure\\FakeUserWriteOnlyRepository.ts": {"path":"D:\\Projects\\blog\\backend\\src\\infrastructure\\FakeUserWriteOnlyRepository.ts","statementMap":{"0":{"start":{"line":2,"column":0},"end":{"line":2,"column":34}},"1":{"start":{"line":3,"column":0},"end":{"line":3,"column":35}},"2":{"start":{"line":5,"column":0},"end":{"line":5,"column":30}},"3":{"start":{"line":10,"column":2},"end":{"line":20,"column":null}},"4":{"start":{"line":11,"column":3},"end":{"line":17,"column":null}},"5":{"start":{"line":19,"column":3},"end":{"line":19,"column":null}},"6":{"start":{"line":8,"column":0},"end":{"line":8,"column":21}}},"fnMap":{"0":{"name":"(anonymous_1)","decl":{"start":{"line":9,"column":1},"end":{"line":9,"column":7}},"loc":{"start":{"line":9,"column":22},"end":{"line":21,"column":2}}},"1":{"name":"(anonymous_2)","decl":{"start":{"line":10,"column":21},"end":{"line":10,"column":22}},"loc":{"start":{"line":10,"column":41},"end":{"line":20,"column":3}}}},"branchMap":{},"s":{"0":1,"1":1,"2":1,"3":0,"4":0,"5":0,"6":1},"f":{"0":0,"1":0},"b":{}}
,"D:\\Projects\\blog\\backend\\src\\usecase\\Blogs\\CreateBlogUseCase.ts": {"path":"D:\\Projects\\blog\\backend\\src\\usecase\\Blogs\\CreateBlogUseCase.ts","statementMap":{"0":{"start":{"line":9,"column":2},"end":{"line":9,"column":58}},"1":{"start":{"line":13,"column":2},"end":{"line":19,"column":5}},"2":{"start":{"line":13,"column":47},"end":{"line":19,"column":4}},"3":{"start":{"line":14,"column":3},"end":{"line":18,"column":null}},"4":{"start":{"line":15,"column":4},"end":{"line":15,"column":64}},"5":{"start":{"line":17,"column":4},"end":{"line":17,"column":33}},"6":{"start":{"line":5,"column":0},"end":{"line":5,"column":21}}},"fnMap":{"0":{"name":"(anonymous_7)","decl":{"start":{"line":8,"column":1},"end":{"line":8,"column":13}},"loc":{"start":{"line":8,"column":63},"end":{"line":10,"column":2}}},"1":{"name":"(anonymous_8)","decl":{"start":{"line":12,"column":1},"end":{"line":12,"column":7}},"loc":{"start":{"line":12,"column":25},"end":{"line":20,"column":2}}},"2":{"name":"(anonymous_9)","decl":{"start":{"line":13,"column":21},"end":{"line":13,"column":28}},"loc":{"start":{"line":13,"column":47},"end":{"line":19,"column":4}}},"3":{"name":"(anonymous_10)","decl":{"start":{"line":13,"column":47},"end":{"line":13,"column":null}},"loc":{"start":{"line":13,"column":47},"end":{"line":19,"column":3}}}},"branchMap":{},"s":{"0":2,"1":2,"2":2,"3":2,"4":2,"5":1,"6":1},"f":{"0":2,"1":2,"2":2,"3":2},"b":{}}
,"D:\\Projects\\blog\\backend\\src\\usecase\\Blogs\\RetrieveBlogUseCase.ts": {"path":"D:\\Projects\\blog\\backend\\src\\usecase\\Blogs\\RetrieveBlogUseCase.ts","statementMap":{"0":{"start":{"line":10,"column":2},"end":{"line":10,"column":56}},"1":{"start":{"line":14,"column":13},"end":{"line":14,"column":61}},"2":{"start":{"line":16,"column":20},"end":{"line":16,"column":24}},"3":{"start":{"line":18,"column":2},"end":{"line":18,"column":19}},"4":{"start":{"line":5,"column":0},"end":{"line":5,"column":21}}},"fnMap":{"0":{"name":"(anonymous_7)","decl":{"start":{"line":9,"column":1},"end":{"line":9,"column":13}},"loc":{"start":{"line":9,"column":61},"end":{"line":11,"column":2}}},"1":{"name":"(anonymous_8)","decl":{"start":{"line":13,"column":14},"end":{"line":13,"column":20}},"loc":{"start":{"line":13,"column":38},"end":{"line":19,"column":null}}}},"branchMap":{},"s":{"0":2,"1":2,"2":1,"3":1,"4":1},"f":{"0":2,"1":2},"b":{}}
,"D:\\Projects\\blog\\backend\\src\\usecase\\Users\\UserSignInUseCase.ts": {"path":"D:\\Projects\\blog\\backend\\src\\usecase\\Users\\UserSignInUseCase.ts","statementMap":{"0":{"start":{"line":4,"column":0},"end":{"line":4,"column":30}},"1":{"start":{"line":8,"column":1},"end":{"line":8,"column":13}},"2":{"start":{"line":14,"column":2},"end":{"line":14,"column":56}},"3":{"start":{"line":18,"column":2},"end":{"line":38,"column":5}},"4":{"start":{"line":18,"column":47},"end":{"line":38,"column":4}},"5":{"start":{"line":19,"column":3},"end":{"line":37,"column":null}},"6":{"start":{"line":20,"column":20},"end":{"line":20,"column":68}},"7":{"start":{"line":22,"column":4},"end":{"line":24,"column":null}},"8":{"start":{"line":23,"column":5},"end":{"line":23,"column":34}},"9":{"start":{"line":26,"column":30},"end":{"line":32,"column":6}},"10":{"start":{"line":34,"column":4},"end":{"line":34,"column":23}},"11":{"start":{"line":36,"column":4},"end":{"line":36,"column":18}},"12":{"start":{"line":6,"column":0},"end":{"line":6,"column":21}}},"fnMap":{"0":{"name":"(anonymous_8)","decl":{"start":{"line":13,"column":1},"end":{"line":13,"column":13}},"loc":{"start":{"line":13,"column":61},"end":{"line":15,"column":2}}},"1":{"name":"(anonymous_9)","decl":{"start":{"line":17,"column":1},"end":{"line":17,"column":7}},"loc":{"start":{"line":17,"column":25},"end":{"line":39,"column":2}}},"2":{"name":"(anonymous_10)","decl":{"start":{"line":18,"column":21},"end":{"line":18,"column":28}},"loc":{"start":{"line":18,"column":47},"end":{"line":38,"column":4}}},"3":{"name":"(anonymous_11)","decl":{"start":{"line":18,"column":47},"end":{"line":18,"column":null}},"loc":{"start":{"line":18,"column":47},"end":{"line":38,"column":3}}}},"branchMap":{"0":{"loc":{"start":{"line":22,"column":4},"end":{"line":24,"column":null}},"type":"if","locations":[{"start":{"line":22,"column":4},"end":{"line":24,"column":null}}]}},"s":{"0":1,"1":3,"2":3,"3":3,"4":3,"5":3,"6":3,"7":2,"8":1,"9":2,"10":2,"11":1,"12":1},"f":{"0":3,"1":3,"2":3,"3":3},"b":{"0":[1]}}
}
