TN:
SF:src\domain\Blog.ts
FN:2,(anonymous_0)
FNF:1
FNH:1
FNDA:3,(anonymous_0)
DA:1,1
DA:3,3
DA:4,3
DA:5,3
DA:6,3
DA:7,3
DA:8,3
LF:7
LH:7
BRF:0
BRH:0
end_of_record
TN:
SF:src\infrastructure\FakeBlogData.ts
FNF:0
FNH:0
DA:1,1
DA:3,1
DA:8,1
LF:3
LH:3
BRF:0
BRH:0
end_of_record
TN:
SF:src\infrastructure\FakeBlogReadOnlyRepository.ts
FN:8,(anonymous_8)
FN:14,(anonymous_10)
FN:15,(anonymous_12)
FN:16,(anonymous_13)
FNF:4
FNH:3
FNDA:0,(anonymous_8)
FNDA:1,(anonymous_10)
FNDA:1,(anonymous_12)
FNDA:1,(anonymous_13)
DA:4,1
DA:7,1
DA:11,0
DA:15,1
DA:16,1
DA:18,1
DA:19,1
DA:21,1
LF:8
LH:7
BRDA:18,0,0,1
BRF:1
BRH:1
end_of_record
TN:
SF:src\infrastructure\FakeBlogWriteOnlyRepository.ts
FN:7,(anonymous_1)
FN:8,(anonymous_2)
FNF:2
FNH:2
FNDA:1,(anonymous_1)
FNDA:1,(anonymous_2)
DA:2,1
DA:4,1
DA:6,1
DA:8,1
DA:9,1
DA:18,1
LF:6
LH:6
BRF:0
BRH:0
end_of_record
TN:
SF:src\usecase\Blogs\CreateBlogUseCase.ts
FN:8,(anonymous_7)
FN:12,(anonymous_8)
FN:13,(anonymous_9)
FN:13,(anonymous_10)
FNF:4
FNH:4
FNDA:2,(anonymous_7)
FNDA:2,(anonymous_8)
FNDA:2,(anonymous_9)
FNDA:2,(anonymous_10)
DA:5,1
DA:9,2
DA:13,2
DA:14,2
DA:15,2
DA:17,1
LF:6
LH:6
BRF:0
BRH:0
end_of_record
TN:
SF:src\usecase\Blogs\RetrieveBlogUseCase.ts
FN:9,(anonymous_7)
FN:13,(anonymous_8)
FNF:2
FNH:2
FNDA:2,(anonymous_7)
FNDA:2,(anonymous_8)
DA:5,1
DA:10,2
DA:14,2
DA:16,1
DA:18,1
LF:5
LH:5
BRF:0
BRH:0
end_of_record
