TN:
SF:src\domain\Blog.ts
FN:2,(anonymous_0)
FNF:1
FNH:1
FNDA:3,(anonymous_0)
DA:1,1
DA:3,3
DA:4,3
DA:5,3
DA:6,3
DA:7,3
DA:8,3
LF:7
LH:7
BRF:0
BRH:0
end_of_record
TN:
SF:src\domain\User.ts
FN:2,(anonymous_0)
FNF:1
FNH:1
FNDA:4,(anonymous_0)
DA:1,1
DA:3,4
DA:4,4
DA:5,4
DA:6,4
DA:7,4
LF:6
LH:6
BRF:0
BRH:0
end_of_record
TN:
SF:src\infrastructure\FakeBlogData.ts
FNF:0
FNH:0
DA:1,1
DA:3,1
DA:8,1
LF:3
LH:3
BRF:0
BRH:0
end_of_record
TN:
SF:src\infrastructure\FakeBlogReadOnlyRepository.ts
FN:8,(anonymous_8)
FN:14,(anonymous_10)
FN:15,(anonymous_12)
FN:16,(anonymous_13)
FNF:4
FNH:3
FNDA:0,(anonymous_8)
FNDA:1,(anonymous_10)
FNDA:1,(anonymous_12)
FNDA:1,(anonymous_13)
DA:4,1
DA:7,1
DA:11,0
DA:15,1
DA:16,1
DA:18,1
DA:19,1
DA:21,1
LF:8
LH:7
BRDA:18,0,0,1
BRF:1
BRH:1
end_of_record
TN:
SF:src\infrastructure\FakeBlogWriteOnlyRepository.ts
FN:7,(anonymous_1)
FN:8,(anonymous_2)
FNF:2
FNH:2
FNDA:1,(anonymous_1)
FNDA:1,(anonymous_2)
DA:2,1
DA:4,1
DA:6,1
DA:8,1
DA:9,1
DA:18,1
LF:6
LH:6
BRF:0
BRH:0
end_of_record
TN:
SF:src\infrastructure\FakeUserData.ts
FNF:0
FNH:0
DA:1,1
DA:2,1
DA:4,1
DA:9,1
LF:4
LH:4
BRF:0
BRH:0
end_of_record
TN:
SF:src\infrastructure\FakeUserReadOnlyRepository.ts
FN:7,(anonymous_8)
FN:10,(anonymous_9)
FN:13,(anonymous_10)
FN:14,(anonymous_11)
FN:14,(anonymous_12)
FN:15,(anonymous_13)
FNF:6
FNH:5
FNDA:1,(anonymous_8)
FNDA:0,(anonymous_9)
FNDA:3,(anonymous_10)
FNDA:3,(anonymous_11)
FNDA:3,(anonymous_12)
FNDA:4,(anonymous_13)
DA:3,1
DA:5,1
DA:11,0
DA:14,3
DA:15,4
DA:17,3
DA:18,1
DA:20,2
DA:28,2
LF:9
LH:8
BRDA:17,0,0,1
BRDA:17,0,1,2
BRF:2
BRH:2
end_of_record
TN:
SF:src\infrastructure\FakeUserWriteOnlyRepository.ts
FN:9,(anonymous_1)
FN:10,(anonymous_2)
FN:11,(anonymous_3)
FNF:3
FNH:3
FNDA:2,(anonymous_1)
FNDA:2,(anonymous_2)
FNDA:3,(anonymous_3)
DA:2,1
DA:3,1
DA:5,1
DA:8,1
DA:10,2
DA:11,3
DA:12,1
DA:15,2
DA:23,2
LF:9
LH:9
BRDA:11,0,0,1
BRF:1
BRH:1
end_of_record
TN:
SF:src\usecase\Blogs\CreateBlogUseCase.ts
FN:8,(anonymous_7)
FN:12,(anonymous_8)
FN:13,(anonymous_9)
FN:13,(anonymous_10)
FNF:4
FNH:4
FNDA:2,(anonymous_7)
FNDA:2,(anonymous_8)
FNDA:2,(anonymous_9)
FNDA:2,(anonymous_10)
DA:5,1
DA:9,2
DA:13,2
DA:14,2
DA:15,2
DA:17,1
LF:6
LH:6
BRF:0
BRH:0
end_of_record
TN:
SF:src\usecase\Blogs\RetrieveBlogUseCase.ts
FN:9,(anonymous_7)
FN:13,(anonymous_8)
FNF:2
FNH:2
FNDA:2,(anonymous_7)
FNDA:2,(anonymous_8)
DA:5,1
DA:10,2
DA:14,2
DA:16,1
DA:18,1
LF:5
LH:5
BRF:0
BRH:0
end_of_record
TN:
SF:src\usecase\Users\UserRegisterUseCase.ts
FN:13,(anonymous_8)
FN:17,(anonymous_9)
FN:18,(anonymous_10)
FN:18,(anonymous_11)
FNF:4
FNH:4
FNDA:2,(anonymous_8)
FNDA:2,(anonymous_9)
FNDA:2,(anonymous_10)
FNDA:2,(anonymous_11)
DA:2,1
DA:6,1
DA:8,2
DA:14,2
DA:18,2
DA:19,2
DA:20,2
DA:22,1
DA:30,1
DA:32,1
LF:10
LH:10
BRF:0
BRH:0
end_of_record
TN:
SF:src\usecase\Users\UserSignInUseCase.ts
FN:13,(anonymous_8)
FN:17,(anonymous_9)
FN:18,(anonymous_10)
FN:18,(anonymous_11)
FNF:4
FNH:4
FNDA:3,(anonymous_8)
FNDA:3,(anonymous_9)
FNDA:3,(anonymous_10)
FNDA:3,(anonymous_11)
DA:4,1
DA:6,1
DA:8,3
DA:14,3
DA:18,3
DA:19,3
DA:20,3
DA:22,2
DA:23,1
DA:26,2
DA:34,2
DA:36,1
LF:12
LH:12
BRDA:22,0,0,1
BRF:1
BRH:1
end_of_record
